#TYPE System.IO.FileInfo
"PSPath","PSParentPath","PSChildName","PSDrive","PSProvider","PSIsContainer","Mode","VersionInfo","BaseName","Target","LinkType","Name","Length","DirectoryName","Directory","IsReadOnly","Exists","FullName","Extension","CreationTime","CreationTimeUtc","LastAccessTime","LastAccessTimeUtc","LastWriteTime","LastWriteTimeUtc","Attributes"
"Microsoft.PowerShell.Core\FileSystem::C:\Users\champuser\Desktop\PowerShell_Files\BasicLab10.ps1","Microsoft.PowerShell.Core\FileSystem::C:\Users\champuser\Desktop\PowerShell_Files","BasicLab10.ps1","C","Microsoft.PowerShell.Core\FileSystem","False","-a----","File:             C:\Users\champuser\Desktop\PowerShell_Files\BasicLab10.ps1
InternalName:     
OriginalFilename: 
FileVersion:      
FileDescription:  
Product:          
ProductVersion:   
Debug:            False
Patched:          False
PreRelease:       False
PrivateBuild:     False
SpecialBuild:     False
Language:         
","BasicLab10","System.Collections.Generic.List`1[System.String]",,"BasicLab10.ps1","286","C:\Users\champuser\Desktop\PowerShell_Files","C:\Users\champuser\Desktop\PowerShell_Files","False","True","C:\Users\champuser\Desktop\PowerShell_Files\BasicLab10.ps1",".ps1","9/8/2024 6:50:29 PM","9/8/2024 10:50:29 PM","9/8/2024 7:32:28 PM","9/8/2024 11:32:28 PM","9/8/2024 7:32:28 PM","9/8/2024 11:32:28 PM","Archive"
"Microsoft.PowerShell.Core\FileSystem::C:\Users\champuser\Desktop\PowerShell_Files\BasicLab11.ps1","Microsoft.PowerShell.Core\FileSystem::C:\Users\champuser\Desktop\PowerShell_Files","BasicLab11.ps1","C","Microsoft.PowerShell.Core\FileSystem","False","-a----","File:             C:\Users\champuser\Desktop\PowerShell_Files\BasicLab11.ps1
InternalName:     
OriginalFilename: 
FileVersion:      
FileDescription:  
Product:          
ProductVersion:   
Debug:            False
Patched:          False
PreRelease:       False
PrivateBuild:     False
SpecialBuild:     False
Language:         
","BasicLab11","System.Collections.Generic.List`1[System.String]",,"BasicLab11.ps1","202","C:\Users\champuser\Desktop\PowerShell_Files","C:\Users\champuser\Desktop\PowerShell_Files","False","True","C:\Users\champuser\Desktop\PowerShell_Files\BasicLab11.ps1",".ps1","9/8/2024 7:32:43 PM","9/8/2024 11:32:43 PM","9/8/2024 8:24:33 PM","9/9/2024 12:24:33 AM","9/8/2024 8:24:33 PM","9/9/2024 12:24:33 AM","Archive"
"Microsoft.PowerShell.Core\FileSystem::C:\Users\champuser\Desktop\PowerShell_Files\BasicLab8.ps1","Microsoft.PowerShell.Core\FileSystem::C:\Users\champuser\Desktop\PowerShell_Files","BasicLab8.ps1","C","Microsoft.PowerShell.Core\FileSystem","False","-a----","File:             C:\Users\champuser\Desktop\PowerShell_Files\BasicLab8.ps1
InternalName:     
OriginalFilename: 
FileVersion:      
FileDescription:  
Product:          
ProductVersion:   
Debug:            False
Patched:          False
PreRelease:       False
PrivateBuild:     False
SpecialBuild:     False
Language:         
","BasicLab8","System.Collections.Generic.List`1[System.String]",,"BasicLab8.ps1","245","C:\Users\champuser\Desktop\PowerShell_Files","C:\Users\champuser\Desktop\PowerShell_Files","False","True","C:\Users\champuser\Desktop\PowerShell_Files\BasicLab8.ps1",".ps1","9/8/2024 2:08:22 PM","9/8/2024 6:08:22 PM","9/8/2024 2:33:52 PM","9/8/2024 6:33:52 PM","9/8/2024 2:33:52 PM","9/8/2024 6:33:52 PM","Archive"
"Microsoft.PowerShell.Core\FileSystem::C:\Users\champuser\Desktop\PowerShell_Files\BasicLab9.ps1","Microsoft.PowerShell.Core\FileSystem::C:\Users\champuser\Desktop\PowerShell_Files","BasicLab9.ps1","C","Microsoft.PowerShell.Core\FileSystem","False","-a----","File:             C:\Users\champuser\Desktop\PowerShell_Files\BasicLab9.ps1
InternalName:     
OriginalFilename: 
FileVersion:      
FileDescription:  
Product:          
ProductVersion:   
Debug:            False
Patched:          False
PreRelease:       False
PrivateBuild:     False
SpecialBuild:     False
Language:         
","BasicLab9","System.Collections.Generic.List`1[System.String]",,"BasicLab9.ps1","293","C:\Users\champuser\Desktop\PowerShell_Files","C:\Users\champuser\Desktop\PowerShell_Files","False","True","C:\Users\champuser\Desktop\PowerShell_Files\BasicLab9.ps1",".ps1","9/8/2024 2:25:34 PM","9/8/2024 6:25:34 PM","9/8/2024 6:50:10 PM","9/8/2024 10:50:10 PM","9/8/2024 6:50:10 PM","9/8/2024 10:50:10 PM","Archive"
